{"C:\\Users\\laye\\Desktop\\projects\\my-packages\\first-npm-pkg\\index.js": {"path":"C:\\Users\\laye\\Desktop\\projects\\my-packages\\first-npm-pkg\\index.js","statementMap":{"0":{"start":{"line":2,"column":3},"end":{"line":2,"column":24}},"1":{"start":{"line":4,"column":0},"end":{"line":4,"column":27}}},"fnMap":{"0":{"name":"helloNpm","decl":{"start":{"line":1,"column":9},"end":{"line":1,"column":17}},"loc":{"start":{"line":1,"column":19},"end":{"line":3,"column":1}},"line":1}},"branchMap":{},"s":{"0":1,"1":1},"f":{"0":1},"b":{},"_coverageSchema":"1a1c01bbd47fc00a2c39e90264f33305004495a9","hash":"8af11f6bdae94a79e8cfbcb1aac0bcd05b4e5a23"}
}
